2025-09-10 13:20:36,769 - YenSenseAI - INFO - YenSense AI initialized successfully
2025-09-10 13:20:36,769 - YenSenseAI - INFO - ==================================================
2025-09-10 13:20:36,770 - YenSenseAI - INFO - Starting Daily Morning Brief Generation
2025-09-10 13:20:36,770 - YenSenseAI - INFO - Time: 2025-09-10 13:20:36 JST
2025-09-10 13:20:36,770 - YenSenseAI - INFO - Fetching latest market data...
2025-09-10 13:20:36,772 - YenSenseAI - INFO - Generating morning brief script...
2025-09-10 13:20:36,772 - YenSenseAI - INFO - Saving script and generating audio...
2025-09-10 13:20:50,169 - YenSenseAI - INFO - Morning brief completed successfully!
2025-09-10 13:20:50,169 - YenSenseAI - INFO - Text file: macro/output/script/morning_brief_20250910.txt
2025-09-10 13:20:50,169 - YenSenseAI - INFO - Audio file: macro/output/script/morning_brief_20250910.mp3
2025-09-10 13:20:50,170 - YenSenseAI - INFO - Deploying morning report to GitHub Pages...
2025-09-10 13:20:50,171 - YenSenseAI - INFO - GitHub Pages index updated with morning report: morning_brief_20250910.txt
2025-09-10 13:20:53,134 - YenSenseAI - WARNING - GitHub Pages deployment failed: Command '['ghp-import', '-n', '-p', '-f', '-b', 'gh-pages', 'docs']' returned non-zero exit status 1.
2025-09-10 13:20:53,135 - YenSenseAI - INFO - Please ensure you have initialized a git repository and ghp-import is installed
2025-09-10 13:21:20,499 - YenSenseAI - INFO - YenSense AI initialized successfully
2025-09-10 13:21:20,500 - YenSenseAI - INFO - ==================================================
2025-09-10 13:21:20,500 - YenSenseAI - INFO - Starting Daily Morning Brief Generation
2025-09-10 13:21:20,500 - YenSenseAI - INFO - Time: 2025-09-10 13:21:20 JST
2025-09-10 13:21:20,500 - YenSenseAI - INFO - Fetching latest market data...
2025-09-10 13:21:20,502 - YenSenseAI - INFO - Generating morning brief script...
2025-09-10 13:21:49,745 - YenSenseAI - INFO - Saving script and generating audio...
2025-09-10 13:22:28,715 - YenSenseAI - INFO - Morning brief completed successfully!
2025-09-10 13:22:28,715 - YenSenseAI - INFO - Text file: macro/output/script/morning_brief_20250910.txt
2025-09-10 13:22:28,716 - YenSenseAI - INFO - Audio file: macro/output/script/morning_brief_20250910.mp3
2025-09-10 13:22:28,716 - YenSenseAI - INFO - Deploying morning report to GitHub Pages...
2025-09-10 13:22:28,716 - YenSenseAI - INFO - GitHub Pages index updated with morning report: morning_brief_20250910.txt
2025-09-10 13:22:30,643 - YenSenseAI - WARNING - GitHub Pages deployment failed: Command '['ghp-import', '-n', '-p', '-f', '-b', 'gh-pages', 'docs']' returned non-zero exit status 1.
2025-09-10 13:22:30,645 - YenSenseAI - INFO - Please ensure you have initialized a git repository and ghp-import is installed
2025-09-10 13:24:51,472 - YenSenseAI - INFO - YenSense AI initialized successfully
2025-09-10 13:25:58,366 - YenSenseAI - INFO - YenSense AI initialized successfully
2025-09-10 13:25:58,367 - YenSenseAI - INFO - ==================================================
2025-09-10 13:25:58,367 - YenSenseAI - INFO - Starting Daily Morning Brief Generation
2025-09-10 13:25:58,367 - YenSenseAI - INFO - Time: 2025-09-10 13:25:58 JST
2025-09-10 13:25:58,367 - YenSenseAI - INFO - Fetching latest market data...
2025-09-10 13:25:58,369 - YenSenseAI - INFO - Generating morning brief script...
2025-09-10 13:26:00,330 - YenSenseAI - INFO - Saving script and generating audio...
2025-09-10 13:26:12,513 - YenSenseAI - INFO - Morning brief completed successfully!
2025-09-10 13:26:12,514 - YenSenseAI - INFO - Text file: macro/output/script/morning_brief_20250910.txt
2025-09-10 13:26:12,514 - YenSenseAI - INFO - Audio file: macro/output/script/morning_brief_20250910.mp3
2025-09-10 13:26:12,514 - YenSenseAI - INFO - Deploying morning report to GitHub Pages...
2025-09-10 13:26:12,515 - YenSenseAI - INFO - GitHub Pages index updated with morning report: morning_brief_20250910.txt
2025-09-10 13:26:14,512 - YenSenseAI - WARNING - GitHub Pages deployment failed: Command '['ghp-import', '-n', '-p', '-f', '-b', 'gh-pages', 'docs']' returned non-zero exit status 1.
2025-09-10 13:26:14,512 - YenSenseAI - INFO - Please ensure you have initialized a git repository and ghp-import is installed
2025-09-10 13:37:39,673 - YenSenseAI - INFO - YenSense AI initialized successfully
